<testsuite failures="0" name="src/test/java/features/getapi.feature" skipped="0" tests="1" time="3.036899">
  <testcase classname="src.test.java.features.getapi" name="Get user details positive" time="3.036899">
    <system-out>Given url 'https://gorest.co.in/public/v1/users' .......................... passed
And path '30' ............................................................. passed
When method GET ........................................................... passed
Then status 200 ........................................................... passed
* print response .......................................................... passed
* print baseUrl ........................................................... passed
* def jsonResponse = response ............................................. passed
* def actualName = jsonResponse.data.name ................................. passed
* print actualName ........................................................ passed
* match actualName == 'Deven Sharma' ...................................... passed</system-out>
  </testcase>
</testsuite>
