<testsuite failures="0" name="src/test/java/features/json.feature" skipped="0" tests="1" time="0.297537">
  <testcase classname="src.test.java.features.json" name="ComplexJson reader parser" time="0.297537">
    <system-out>* def jsonComplexObject = ................................................. passed
* print jsonComplexObject ................................................. passed
* print jsonComplexObject.menu.id ......................................... passed
* print jsonComplexObject.menu.popup.menuitem[0].onclick .................. passed</system-out>
  </testcase>
</testsuite>
